::1 - - [01/Oct/2020:15:23:50 +0000] "GET / HTTP/1.1" 200 36 "-" "PostmanRuntime/7.26.5"
::1 - - [01/Oct/2020:16:02:26 +0000] "GET / HTTP/1.1" 200 36 "-" "PostmanRuntime/7.26.5"
::1 - - [01/Oct/2020:16:02:29 +0000] "POST /register HTTP/1.1" - - "-" "PostmanRuntime/7.26.5"
::1 - - [01/Oct/2020:16:03:01 +0000] "POST /register HTTP/1.1" - - "-" "PostmanRuntime/7.26.5"
::1 - - [01/Oct/2020:16:03:02 +0000] "POST /register HTTP/1.1" 400 878 "-" "PostmanRuntime/7.26.5"
::1 - - [01/Oct/2020:16:03:45 +0000] "POST /register HTTP/1.1" - - "-" "PostmanRuntime/7.26.5"
::1 - - [01/Oct/2020:16:10:30 +0000] "POST /register HTTP/1.1" - - "-" "PostmanRuntime/7.26.5"
::1 - - [01/Oct/2020:16:10:42 +0000] "POST /register HTTP/1.1" - - "-" "PostmanRuntime/7.26.5"
::1 - - [01/Oct/2020:16:12:26 +0000] "POST /register HTTP/1.1" 200 23 "-" "PostmanRuntime/7.26.5"
::1 - - [01/Oct/2020:16:14:33 +0000] "POST /login HTTP/1.1" 200 50 "-" "PostmanRuntime/7.26.5"
::1 - - [01/Oct/2020:16:15:17 +0000] "POST /login HTTP/1.1" 200 22 "-" "PostmanRuntime/7.26.5"
::1 - - [01/Oct/2020:16:15:27 +0000] "POST /login HTTP/1.1" 200 22 "-" "PostmanRuntime/7.26.5"
::1 - - [01/Oct/2020:16:33:04 +0000] "POST /produk HTTP/1.1" 200 28 "-" "PostmanRuntime/7.26.5"
::1 - - [01/Oct/2020:16:34:25 +0000] "POST /pelanggan HTTP/1.1" 200 31 "-" "PostmanRuntime/7.26.5"
::1 - - [01/Oct/2020:16:35:34 +0000] "POST /transaksi HTTP/1.1" - - "-" "PostmanRuntime/7.26.5"
::1 - - [01/Oct/2020:16:35:37 +0000] "POST /transaksi HTTP/1.1" 200 31 "-" "PostmanRuntime/7.26.5"
::1 - - [01/Oct/2020:16:35:53 +0000] "POST /transaksi HTTP/1.1" 200 31 "-" "PostmanRuntime/7.26.5"
::1 - - [02/Oct/2020:00:31:43 +0000] "POST /login HTTP/1.1" 200 210 "-" "PostmanRuntime/7.26.5"
::1 - - [02/Oct/2020:00:32:53 +0000] "POST /produk HTTP/1.1" 404 42 "-" "PostmanRuntime/7.26.5"
::1 - - [02/Oct/2020:00:33:30 +0000] "POST /produk HTTP/1.1" 404 42 "-" "PostmanRuntime/7.26.5"
::1 - - [02/Oct/2020:00:33:34 +0000] "POST /produk HTTP/1.1" 400 879 "-" "PostmanRuntime/7.26.5"
::1 - - [02/Oct/2020:00:33:39 +0000] "POST /produk HTTP/1.1" 404 42 "-" "PostmanRuntime/7.26.5"
::1 - - [02/Oct/2020:00:34:00 +0000] "POST /produk HTTP/1.1" 404 42 "-" "PostmanRuntime/7.26.5"
::1 - - [02/Oct/2020:00:34:13 +0000] "POST /produk HTTP/1.1" 404 42 "-" "PostmanRuntime/7.26.5"
::1 - - [02/Oct/2020:00:35:51 +0000] "POST /produk HTTP/1.1" 404 42 "-" "PostmanRuntime/7.26.5"
::1 - - [02/Oct/2020:00:36:37 +0000] "POST /login HTTP/1.1" 200 210 "-" "PostmanRuntime/7.26.5"
::1 - - [02/Oct/2020:00:37:22 +0000] "POST /produk HTTP/1.1" 200 28 "-" "PostmanRuntime/7.26.5"
::1 - - [02/Oct/2020:00:39:37 +0000] "POST /pelanggan HTTP/1.1" 404 42 "-" "PostmanRuntime/7.26.5"
::1 - - [02/Oct/2020:00:39:52 +0000] "POST /pelanggan HTTP/1.1" 404 42 "-" "PostmanRuntime/7.26.5"
::1 - - [02/Oct/2020:00:39:58 +0000] "POST /pelanggan HTTP/1.1" 404 42 "-" "PostmanRuntime/7.26.5"
::1 - - [02/Oct/2020:00:40:01 +0000] "POST /pelanggan HTTP/1.1" 404 42 "-" "PostmanRuntime/7.26.5"
::1 - - [02/Oct/2020:00:40:06 +0000] "POST /pelanggan HTTP/1.1" 404 42 "-" "PostmanRuntime/7.26.5"
::1 - - [02/Oct/2020:00:40:22 +0000] "POST /login HTTP/1.1" 200 210 "-" "PostmanRuntime/7.26.5"
::1 - - [02/Oct/2020:00:40:34 +0000] "POST /produk HTTP/1.1" 200 28 "-" "PostmanRuntime/7.26.5"
::1 - - [02/Oct/2020:00:40:44 +0000] "POST /pelanggan HTTP/1.1" 200 31 "-" "PostmanRuntime/7.26.5"
::1 - - [02/Oct/2020:00:40:55 +0000] "POST /transaksi HTTP/1.1" 200 31 "-" "PostmanRuntime/7.26.5"
::1 - - [02/Oct/2020:00:42:15 +0000] "POST /pelanggan HTTP/1.1" 404 42 "-" "PostmanRuntime/7.26.5"
::1 - - [02/Oct/2020:00:42:20 +0000] "POST /login HTTP/1.1" 200 210 "-" "PostmanRuntime/7.26.5"
::1 - - [02/Oct/2020:00:42:30 +0000] "POST /pelanggan HTTP/1.1" 400 55 "-" "PostmanRuntime/7.26.5"
::1 - - [02/Oct/2020:00:42:56 +0000] "POST /login HTTP/1.1" 200 210 "-" "PostmanRuntime/7.26.5"
::1 - - [02/Oct/2020:00:43:04 +0000] "POST /pelanggan HTTP/1.1" 400 215 "-" "PostmanRuntime/7.26.5"
::1 - - [02/Oct/2020:00:44:27 +0000] "POST /login HTTP/1.1" 200 210 "-" "PostmanRuntime/7.26.5"
::1 - - [02/Oct/2020:00:44:39 +0000] "POST /produk HTTP/1.1" 200 28 "-" "PostmanRuntime/7.26.5"
::1 - - [02/Oct/2020:00:44:46 +0000] "POST /pelanggan HTTP/1.1" 400 54 "-" "PostmanRuntime/7.26.5"
::1 - - [02/Oct/2020:00:44:52 +0000] "POST /pelanggan HTTP/1.1" 200 31 "-" "PostmanRuntime/7.26.5"
::1 - - [02/Oct/2020:00:45:06 +0000] "POST /transaksi HTTP/1.1" 400 195 "-" "PostmanRuntime/7.26.5"
::1 - - [02/Oct/2020:00:45:52 +0000] "POST /transaksi HTTP/1.1" 200 31 "-" "PostmanRuntime/7.26.5"
